<?xml version="1.0" encoding="UTF-8"?>
<!-- Generated by org.testng.reporters.JUnitReportReporter -->
<testsuite hostname="ADanielyan-02" failures="0" tests="1" name="com.project.hardcore.framework.test.GoogleCloudPricingCalculatorTest" time="49.751" errors="0" timestamp="2024-02-11T23:42:32 AMT" skipped="0">
  <testcase classname="com.project.hardcore.framework.test.GoogleCloudPricingCalculatorTest" name="testGoogleCloudPricingCalculator" time="49.751"/>
  <system-out/>
</testsuite> <!-- com.project.hardcore.framework.test.GoogleCloudPricingCalculatorTest -->
